0 info it worked if it ends with ok
1 verbose cli [ 'C:\\Program Files\\nodejs\\node.exe',
1 verbose cli   'C:\\Program Files\\nodejs\\node_modules\\npm\\bin\\npm-cli.js',
1 verbose cli   'install',
1 verbose cli   'firebaseui',
1 verbose cli   '--save' ]
2 info using npm@3.10.10
3 info using node@v6.9.4
4 silly loadCurrentTree Starting
5 silly install loadCurrentTree
6 silly install readLocalPackageData
7 silly fetchPackageMetaData firebaseui
8 silly fetchNamedPackageData firebaseui
9 silly mapToRegistry name firebaseui
10 silly mapToRegistry using default registry
11 silly mapToRegistry registry https://registry.npmjs.org/
12 silly mapToRegistry data Result {
12 silly mapToRegistry   raw: 'firebaseui',
12 silly mapToRegistry   scope: null,
12 silly mapToRegistry   escapedName: 'firebaseui',
12 silly mapToRegistry   name: 'firebaseui',
12 silly mapToRegistry   rawSpec: '',
12 silly mapToRegistry   spec: 'latest',
12 silly mapToRegistry   type: 'tag' }
13 silly mapToRegistry uri https://registry.npmjs.org/firebaseui
14 verbose request uri https://registry.npmjs.org/firebaseui
15 verbose request no auth needed
16 info attempt registry request try #1 at 3:55:44 PM
17 verbose request id 5b08ce7bd42b76da
18 http request GET https://registry.npmjs.org/firebaseui
19 http 200 https://registry.npmjs.org/firebaseui
20 verbose headers { date: 'Sat, 09 Jun 2018 19:55:56 GMT',
20 verbose headers   'content-type': 'application/json; charset=UTF-8',
20 verbose headers   'transfer-encoding': 'chunked',
20 verbose headers   connection: 'keep-alive',
20 verbose headers   'set-cookie': [ '__cfduid=df2b5197ddf1d0f0d1efa3730187cccab1528574155; expires=Sun, 09-Jun-19 19:55:55 GMT; path=/; domain=.registry.npmjs.org; HttpOnly' ],
20 verbose headers   'cache-control': 'max-age=300',
20 verbose headers   'cf-cache-status': 'REVALIDATED',
20 verbose headers   'cf-ray': '42862898ca86aba2-YYZ',
20 verbose headers   etag: 'W/"0bcb6e2422bf12a98bf33c4854c129b6"',
20 verbose headers   'expect-ct': 'max-age=604800, report-uri="https://report-uri.cloudflare.com/cdn-cgi/beacon/expect-ct"',
20 verbose headers   'last-modified': 'Sun, 27 May 2018 00:43:39 GMT',
20 verbose headers   vary: 'accept-encoding, accept',
20 verbose headers   server: 'cloudflare',
20 verbose headers   'content-encoding': 'gzip' }
21 silly get cb [ 200,
21 silly get   { date: 'Sat, 09 Jun 2018 19:55:56 GMT',
21 silly get     'content-type': 'application/json; charset=UTF-8',
21 silly get     'transfer-encoding': 'chunked',
21 silly get     connection: 'keep-alive',
21 silly get     'set-cookie': [ '__cfduid=df2b5197ddf1d0f0d1efa3730187cccab1528574155; expires=Sun, 09-Jun-19 19:55:55 GMT; path=/; domain=.registry.npmjs.org; HttpOnly' ],
21 silly get     'cache-control': 'max-age=300',
21 silly get     'cf-cache-status': 'REVALIDATED',
21 silly get     'cf-ray': '42862898ca86aba2-YYZ',
21 silly get     etag: 'W/"0bcb6e2422bf12a98bf33c4854c129b6"',
21 silly get     'expect-ct': 'max-age=604800, report-uri="https://report-uri.cloudflare.com/cdn-cgi/beacon/expect-ct"',
21 silly get     'last-modified': 'Sun, 27 May 2018 00:43:39 GMT',
21 silly get     vary: 'accept-encoding, accept',
21 silly get     server: 'cloudflare',
21 silly get     'content-encoding': 'gzip' } ]
22 verbose get saving firebaseui to C:\Users\soccer7710\AppData\Roaming\npm-cache\registry.npmjs.org\firebaseui\.cache.json
23 verbose correctMkdir C:\Users\soccer7710\AppData\Roaming\npm-cache correctMkdir not in flight; initializing
24 silly install normalizeTree
25 silly loadCurrentTree Finishing
26 silly loadIdealTree Starting
27 silly install loadIdealTree
28 silly cloneCurrentTree Starting
29 silly install cloneCurrentTreeToIdealTree
30 silly cloneCurrentTree Finishing
31 silly loadShrinkwrap Starting
32 silly install loadShrinkwrap
33 silly loadShrinkwrap Finishing
34 silly loadAllDepsIntoIdealTree Starting
35 silly install loadAllDepsIntoIdealTree
36 silly resolveWithNewModule firebaseui@3.0.0 checking installable status
37 silly cache add args [ 'firebaseui', null ]
38 verbose cache add spec firebaseui
39 silly cache add parsed spec Result {
39 silly cache add   raw: 'firebaseui',
39 silly cache add   scope: null,
39 silly cache add   escapedName: 'firebaseui',
39 silly cache add   name: 'firebaseui',
39 silly cache add   rawSpec: '',
39 silly cache add   spec: 'latest',
39 silly cache add   type: 'tag' }
40 silly addNamed firebaseui@latest
41 verbose addNamed "latest" is being treated as a dist-tag for firebaseui
42 info addNameTag [ 'firebaseui', 'latest' ]
43 silly mapToRegistry name firebaseui
44 silly mapToRegistry using default registry
45 silly mapToRegistry registry https://registry.npmjs.org/
46 silly mapToRegistry data Result {
46 silly mapToRegistry   raw: 'firebaseui',
46 silly mapToRegistry   scope: null,
46 silly mapToRegistry   escapedName: 'firebaseui',
46 silly mapToRegistry   name: 'firebaseui',
46 silly mapToRegistry   rawSpec: '',
46 silly mapToRegistry   spec: 'latest',
46 silly mapToRegistry   type: 'tag' }
47 silly mapToRegistry uri https://registry.npmjs.org/firebaseui
48 verbose addNameTag registry:https://registry.npmjs.org/firebaseui not in flight; fetching
49 verbose request uri https://registry.npmjs.org/firebaseui
50 verbose request no auth needed
51 info attempt registry request try #1 at 3:57:39 PM
52 verbose etag W/"0bcb6e2422bf12a98bf33c4854c129b6"
53 verbose lastModified Sun, 27 May 2018 00:43:39 GMT
54 http request GET https://registry.npmjs.org/firebaseui
55 http 304 https://registry.npmjs.org/firebaseui
56 verbose headers { date: 'Sat, 09 Jun 2018 19:57:36 GMT',
56 verbose headers   connection: 'keep-alive',
56 verbose headers   'set-cookie': [ '__cfduid=d73ce21eec590ed469b7f0216a45d5de01528574256; expires=Sun, 09-Jun-19 19:57:36 GMT; path=/; domain=.registry.npmjs.org; HttpOnly' ],
56 verbose headers   'cache-control': 'max-age=300',
56 verbose headers   'cf-cache-status': 'HIT',
56 verbose headers   'cf-ray': '42862b11ec20aba2-YYZ',
56 verbose headers   etag: '"0bcb6e2422bf12a98bf33c4854c129b6"',
56 verbose headers   'expect-ct': 'max-age=604800, report-uri="https://report-uri.cloudflare.com/cdn-cgi/beacon/expect-ct"',
56 verbose headers   'last-modified': 'Sun, 27 May 2018 00:43:39 GMT',
56 verbose headers   vary: 'accept-encoding, accept',
56 verbose headers   server: 'cloudflare' }
57 silly get cb [ 304,
57 silly get   { date: 'Sat, 09 Jun 2018 19:57:36 GMT',
57 silly get     connection: 'keep-alive',
57 silly get     'set-cookie': [ '__cfduid=d73ce21eec590ed469b7f0216a45d5de01528574256; expires=Sun, 09-Jun-19 19:57:36 GMT; path=/; domain=.registry.npmjs.org; HttpOnly' ],
57 silly get     'cache-control': 'max-age=300',
57 silly get     'cf-cache-status': 'HIT',
57 silly get     'cf-ray': '42862b11ec20aba2-YYZ',
57 silly get     etag: '"0bcb6e2422bf12a98bf33c4854c129b6"',
57 silly get     'expect-ct': 'max-age=604800, report-uri="https://report-uri.cloudflare.com/cdn-cgi/beacon/expect-ct"',
57 silly get     'last-modified': 'Sun, 27 May 2018 00:43:39 GMT',
57 silly get     vary: 'accept-encoding, accept',
57 silly get     server: 'cloudflare' } ]
58 verbose etag https://registry.npmjs.org/firebaseui from cache
59 verbose get saving firebaseui to C:\Users\soccer7710\AppData\Roaming\npm-cache\registry.npmjs.org\firebaseui\.cache.json
60 verbose correctMkdir C:\Users\soccer7710\AppData\Roaming\npm-cache correctMkdir not in flight; initializing
61 silly addNameTag next cb for firebaseui with tag latest
62 silly addNamed firebaseui@3.0.0
63 verbose addNamed "3.0.0" is a plain semver version for firebaseui
64 silly mapToRegistry name firebaseui
65 silly mapToRegistry using default registry
66 silly mapToRegistry registry https://registry.npmjs.org/
67 silly mapToRegistry data Result {
67 silly mapToRegistry   raw: 'firebaseui',
67 silly mapToRegistry   scope: null,
67 silly mapToRegistry   escapedName: 'firebaseui',
67 silly mapToRegistry   name: 'firebaseui',
67 silly mapToRegistry   rawSpec: '',
67 silly mapToRegistry   spec: 'latest',
67 silly mapToRegistry   type: 'tag' }
68 silly mapToRegistry uri https://registry.npmjs.org/firebaseui
69 verbose addRemoteTarball https://registry.npmjs.org/firebaseui/-/firebaseui-3.0.0.tgz not in flight; adding
70 verbose addRemoteTarball [ 'https://registry.npmjs.org/firebaseui/-/firebaseui-3.0.0.tgz',
70 verbose addRemoteTarball   'c3749683c6889c5e4ac0ebf8d62c112414351a3c' ]
71 info retry fetch attempt 1 at 3:59:42 PM
72 info attempt registry request try #1 at 3:59:42 PM
73 http fetch GET https://registry.npmjs.org/firebaseui/-/firebaseui-3.0.0.tgz
74 http fetch 200 https://registry.npmjs.org/firebaseui/-/firebaseui-3.0.0.tgz
75 silly fetchAndShaCheck shasum c3749683c6889c5e4ac0ebf8d62c112414351a3c
76 verbose addTmpTarball C:\Users\SOCCER~1\AppData\Local\Temp\npm-4592-a853be84\registry.npmjs.org\firebaseui\-\firebaseui-3.0.0.tgz not in flight; adding
77 verbose addTmpTarball already have metadata; skipping unpack for firebaseui@3.0.0
78 verbose correctMkdir C:\Users\soccer7710\AppData\Roaming\npm-cache correctMkdir not in flight; initializing
79 silly cache afterAdd firebaseui@3.0.0
80 verbose afterAdd C:\Users\soccer7710\AppData\Roaming\npm-cache\firebaseui\3.0.0\package\package.json not in flight; writing
81 verbose correctMkdir C:\Users\soccer7710\AppData\Roaming\npm-cache correctMkdir not in flight; initializing
82 verbose afterAdd C:\Users\soccer7710\AppData\Roaming\npm-cache\firebaseui\3.0.0\package\package.json written
83 silly fetchNamedPackageData dialog-polyfill
84 silly mapToRegistry name dialog-polyfill
85 silly mapToRegistry using default registry
86 silly mapToRegistry registry https://registry.npmjs.org/
87 silly mapToRegistry data Result {
87 silly mapToRegistry   raw: 'dialog-polyfill',
87 silly mapToRegistry   scope: null,
87 silly mapToRegistry   escapedName: 'dialog-polyfill',
87 silly mapToRegistry   name: 'dialog-polyfill',
87 silly mapToRegistry   rawSpec: '',
87 silly mapToRegistry   spec: 'latest',
87 silly mapToRegistry   type: 'tag' }
88 silly mapToRegistry uri https://registry.npmjs.org/dialog-polyfill
89 silly fetchNamedPackageData firebase
90 silly mapToRegistry name firebase
91 silly mapToRegistry using default registry
92 silly mapToRegistry registry https://registry.npmjs.org/
93 silly mapToRegistry data Result {
93 silly mapToRegistry   raw: 'firebase',
93 silly mapToRegistry   scope: null,
93 silly mapToRegistry   escapedName: 'firebase',
93 silly mapToRegistry   name: 'firebase',
93 silly mapToRegistry   rawSpec: '',
93 silly mapToRegistry   spec: 'latest',
93 silly mapToRegistry   type: 'tag' }
94 silly mapToRegistry uri https://registry.npmjs.org/firebase
95 verbose request uri https://registry.npmjs.org/dialog-polyfill
96 verbose request no auth needed
97 info attempt registry request try #1 at 4:06:52 PM
98 http request GET https://registry.npmjs.org/dialog-polyfill
99 verbose request uri https://registry.npmjs.org/firebase
100 verbose request no auth needed
101 info attempt registry request try #1 at 4:06:52 PM
102 http request GET https://registry.npmjs.org/firebase
103 info retry will retry, error on last attempt: Error: read ECONNRESET
104 info retry will retry, error on last attempt: Error: read ECONNRESET
105 info attempt registry request try #2 at 4:07:39 PM
106 http request GET https://registry.npmjs.org/dialog-polyfill
107 info attempt registry request try #2 at 4:07:39 PM
108 http request GET https://registry.npmjs.org/firebase
109 info retry will retry, error on last attempt: Error: read ECONNRESET
110 info retry will retry, error on last attempt: Error: read ECONNRESET
111 info attempt registry request try #3 at 4:09:19 PM
112 http request GET https://registry.npmjs.org/firebase
113 info attempt registry request try #3 at 4:09:19 PM
114 http request GET https://registry.npmjs.org/dialog-polyfill
115 silly fetchPackageMetaData Error: read ECONNRESET
115 silly fetchPackageMetaData     at exports._errnoException (util.js:1022:11)
115 silly fetchPackageMetaData     at TLSWrap.onread (net.js:569:26)
115 silly fetchPackageMetaData  error for firebase@^5.0.0 { Error: read ECONNRESET
115 silly fetchPackageMetaData     at exports._errnoException (util.js:1022:11)
115 silly fetchPackageMetaData     at TLSWrap.onread (net.js:569:26) code: 'ECONNRESET', errno: 'ECONNRESET', syscall: 'read' }
116 silly fetchPackageMetaData Error: read ECONNRESET
116 silly fetchPackageMetaData     at exports._errnoException (util.js:1022:11)
116 silly fetchPackageMetaData     at TLSWrap.onread (net.js:569:26)
116 silly fetchPackageMetaData  error for dialog-polyfill@^0.4.7 { Error: read ECONNRESET
116 silly fetchPackageMetaData     at exports._errnoException (util.js:1022:11)
116 silly fetchPackageMetaData     at TLSWrap.onread (net.js:569:26) code: 'ECONNRESET', errno: 'ECONNRESET', syscall: 'read' }
117 silly rollbackFailedOptional Starting
118 silly rollbackFailedOptional Finishing
119 silly runTopLevelLifecycles Finishing
120 silly install printInstalled
121 verbose stack Error: read ECONNRESET
121 verbose stack     at exports._errnoException (util.js:1022:11)
121 verbose stack     at TLSWrap.onread (net.js:569:26)
122 verbose cwd C:\Users\soccer7710\Documents\Cx
123 error Windows_NT 10.0.16299
124 error argv "C:\\Program Files\\nodejs\\node.exe" "C:\\Program Files\\nodejs\\node_modules\\npm\\bin\\npm-cli.js" "install" "firebaseui" "--save"
125 error node v6.9.4
126 error npm  v3.10.10
127 error code ECONNRESET
128 error errno ECONNRESET
129 error syscall read
130 error network read ECONNRESET
131 error network This is most likely not a problem with npm itself
131 error network and is related to network connectivity.
131 error network In most cases you are behind a proxy or have bad network settings.
131 error network
131 error network If you are behind a proxy, please make sure that the
131 error network 'proxy' config is set properly.  See: 'npm help config'
132 verbose exit [ 1, true ]
